<?xml version="1.0" encoding="UTF-8"?>
<!-- Generated by org.testng.reporters.JUnitReportReporter -->
<testsuite hostname="DESKTOP-KA1O8J5" failures="0" tests="1" name="com.bunnings.testcases.AddProductToCart" time="19.840" errors="0" timestamp="2021-08-30T12:56:01 AEST" skipped="0">
  <testcase classname="com.bunnings.testcases.AddProductToCart" name="startTest" time="19.840"/>
  <system-out/>
</testsuite> <!-- com.bunnings.testcases.AddProductToCart -->
