<?xml version="1.0" encoding="UTF-8"?>
<!-- Generated by org.testng.reporters.JUnitReportReporter -->
<testsuite hostname="DESKTOP-KA1O8J5" failures="0" tests="1" name="com.bunnings.testcases.AddProductToCart" time="18.578" errors="0" timestamp="30 Aug 2021 02:56:55 GMT" skipped="0">
  <testcase classname="com.bunnings.testcases.AddProductToCart" name="startTest" time="18.578"/>
</testsuite> <!-- com.bunnings.testcases.AddProductToCart -->
